c:\users\alien\source\repos\imguiŚąĚŚįĚŤĮē\imguiŚąĚŚįĚŤĮē\x64\debug\vc143.pdb
c:\users\alien\source\repos\imguiŚąĚŚįĚŤĮē\imguiŚąĚŚįĚŤĮē\x64\debug\vc143.idb
c:\users\alien\source\repos\imguiŚąĚŚįĚŤĮē\imguiŚąĚŚįĚŤĮē\x64\debug\main.obj
c:\users\alien\source\repos\imguiŚąĚŚįĚŤĮē\imguiŚąĚŚįĚŤĮē\x64\debug\gameapp.obj
c:\users\alien\source\repos\imguiŚąĚŚįĚŤĮē\imguiŚąĚŚįĚŤĮē\x64\debug\dxtrace.obj
c:\users\alien\source\repos\imguiŚąĚŚįĚŤĮē\imguiŚąĚŚįĚŤĮē\x64\debug\d3dutil.obj
c:\users\alien\source\repos\imguiŚąĚŚįĚŤĮē\imguiŚąĚŚįĚŤĮē\x64\debug\d3dapp.obj
c:\users\alien\source\repos\imguiŚąĚŚįĚŤĮē\imguiŚąĚŚįĚŤĮē\x64\debug\cputimer.obj
c:\users\alien\source\repos\imguiŚąĚŚįĚŤĮē\imguiŚąĚŚįĚŤĮē\x64\debug\imgui_widgets.obj
c:\users\alien\source\repos\imguiŚąĚŚįĚŤĮē\imguiŚąĚŚįĚŤĮē\x64\debug\imgui_tables.obj
c:\users\alien\source\repos\imguiŚąĚŚįĚŤĮē\imguiŚąĚŚįĚŤĮē\x64\debug\imgui_impl_win32.obj
c:\users\alien\source\repos\imguiŚąĚŚįĚŤĮē\imguiŚąĚŚįĚŤĮē\x64\debug\imgui_impl_dx11.obj
c:\users\alien\source\repos\imguiŚąĚŚįĚŤĮē\imguiŚąĚŚįĚŤĮē\x64\debug\imgui_draw.obj
c:\users\alien\source\repos\imguiŚąĚŚįĚŤĮē\imguiŚąĚŚįĚŤĮē\x64\debug\imgui_demo.obj
c:\users\alien\source\repos\imguiŚąĚŚįĚŤĮē\imguiŚąĚŚįĚŤĮē\x64\debug\imgui.obj
c:\users\alien\source\repos\imguiŚąĚŚįĚŤĮē\x64\debug\cube_ps.cso
c:\users\alien\source\repos\imguiŚąĚŚįĚŤĮē\x64\debug\cube_vs.cso
c:\users\alien\source\repos\imguiŚąĚŚįĚŤĮē\x64\debug\imguiŚąĚŚįĚŤĮē.exe
c:\users\alien\source\repos\imguiŚąĚŚįĚŤĮē\x64\debug\imguiŚąĚŚįĚŤĮē.pdb
c:\users\alien\source\repos\imguiŚąĚŚįĚŤĮē\x64\debug\imguiŚąĚŚįĚŤĮē.lib
c:\users\alien\source\repos\imguiŚąĚŚįĚŤĮē\x64\debug\imguiŚąĚŚįĚŤĮē.exp
c:\users\alien\source\repos\imguiŚąĚŚįĚŤĮē\imguiŚąĚŚįĚŤĮē\x64\debug\imguiŚąĚŚįĚŤĮē.ilk
c:\users\alien\source\repos\imguiŚąĚŚįĚŤĮē\imguiŚąĚŚįĚŤĮē\x64\debug\imguiŚąĚŚįĚŤĮē.tlog\cl.command.1.tlog
c:\users\alien\source\repos\imguiŚąĚŚįĚŤĮē\imguiŚąĚŚįĚŤĮē\x64\debug\imguiŚąĚŚįĚŤĮē.tlog\cl.items.tlog
c:\users\alien\source\repos\imguiŚąĚŚįĚŤĮē\imguiŚąĚŚįĚŤĮē\x64\debug\imguiŚąĚŚįĚŤĮē.tlog\cl.read.1.tlog
c:\users\alien\source\repos\imguiŚąĚŚįĚŤĮē\imguiŚąĚŚįĚŤĮē\x64\debug\imguiŚąĚŚįĚŤĮē.tlog\cl.write.1.tlog
c:\users\alien\source\repos\imguiŚąĚŚįĚŤĮē\imguiŚąĚŚįĚŤĮē\x64\debug\imguiŚąĚŚįĚŤĮē.tlog\fxc.command.1.tlog
c:\users\alien\source\repos\imguiŚąĚŚįĚŤĮē\imguiŚąĚŚįĚŤĮē\x64\debug\imguiŚąĚŚįĚŤĮē.tlog\fxc.read.1.tlog
c:\users\alien\source\repos\imguiŚąĚŚįĚŤĮē\imguiŚąĚŚįĚŤĮē\x64\debug\imguiŚąĚŚįĚŤĮē.tlog\fxc.write.1.tlog
c:\users\alien\source\repos\imguiŚąĚŚįĚŤĮē\imguiŚąĚŚįĚŤĮē\x64\debug\imguiŚąĚŚįĚŤĮē.tlog\link.command.1.tlog
c:\users\alien\source\repos\imguiŚąĚŚįĚŤĮē\imguiŚąĚŚįĚŤĮē\x64\debug\imguiŚąĚŚįĚŤĮē.tlog\link.read.1.tlog
c:\users\alien\source\repos\imguiŚąĚŚįĚŤĮē\imguiŚąĚŚįĚŤĮē\x64\debug\imguiŚąĚŚįĚŤĮē.tlog\link.secondary.1.tlog
c:\users\alien\source\repos\imguiŚąĚŚįĚŤĮē\imguiŚąĚŚįĚŤĮē\x64\debug\imguiŚąĚŚįĚŤĮē.tlog\link.write.1.tlog
